<?xml version="1.0" encoding="UTF-8"?>
<!-- Generated by org.testng.reporters.JUnitReportReporter -->
<testsuite hostname="srujanas-MBP.attlocal.net" failures="0" tests="5" name="com.maven.salesforce.runner.TestNGTestRunner" time="35.700" errors="0" timestamp="2024-07-22T00:16:04 CDT" skipped="0">
  <testcase classname="com.maven.salesforce.runner.TestNGTestRunner" name="runScenario" time="5.360"/>
  <system-out/>
  <testcase classname="com.maven.salesforce.runner.TestNGTestRunner" name="runScenario" time="4.103"/>
  <system-out/>
  <testcase classname="com.maven.salesforce.runner.TestNGTestRunner" name="runScenario" time="9.146"/>
  <system-out/>
  <testcase classname="com.maven.salesforce.runner.TestNGTestRunner" name="runScenario" time="7.243"/>
  <system-out/>
  <testcase classname="com.maven.salesforce.runner.TestNGTestRunner" name="runScenario" time="9.848"/>
  <system-out/>
</testsuite> <!-- com.maven.salesforce.runner.TestNGTestRunner -->
